<?xml version="1.0" encoding="UTF-8"?>
<testsuite name="co.yellowbricks.bggclient.BGGSearchTest" tests="3" skipped="0" failures="0" errors="0" timestamp="2016-10-28T11:36:01" hostname="SE-C02PT2KRG8WM" time="0.992">
  <properties/>
  <testcase name="shouldFindNoItems" classname="co.yellowbricks.bggclient.BGGSearchTest" time="0.256"/>
  <testcase name="shouldReturnCorrectAmountOfDominionGames" classname="co.yellowbricks.bggclient.BGGSearchTest" time="0.399"/>
  <testcase name="searchBoardgamesShouldReturnExpansion" classname="co.yellowbricks.bggclient.BGGSearchTest" time="0.337"/>
  <system-out><![CDATA[]]></system-out>
  <system-err><![CDATA[]]></system-err>
</testsuite>
