<?xml version="1.0" encoding="UTF-8"?>
<testsuite name="co.yellowbricks.bggclient.fetch.domain.FetchItemTest" tests="5" skipped="0" failures="0" errors="0" timestamp="2016-10-28T11:36:02" hostname="SE-C02PT2KRG8WM" time="1.061">
  <properties/>
  <testcase name="shouldGetDieMacherCategories" classname="co.yellowbricks.bggclient.fetch.domain.FetchItemTest" time="0.199"/>
  <testcase name="shouldGetDieMacherDesigners" classname="co.yellowbricks.bggclient.fetch.domain.FetchItemTest" time="0.204"/>
  <testcase name="shouldGetBestNumberOfPlayersForDieMacher" classname="co.yellowbricks.bggclient.fetch.domain.FetchItemTest" time="0.246"/>
  <testcase name="dominion2004ShouldHaveUnknownBestNumberOfPlayers" classname="co.yellowbricks.bggclient.fetch.domain.FetchItemTest" time="0.207"/>
  <testcase name="shouldGetDieMacherMechanics" classname="co.yellowbricks.bggclient.fetch.domain.FetchItemTest" time="0.204"/>
  <system-out><![CDATA[]]></system-out>
  <system-err><![CDATA[]]></system-err>
</testsuite>
