<?xml version="1.0" encoding="UTF-8"?>
<testsuite name="co.yellowbricks.bggclient.BGGFetchTest" tests="8" skipped="0" failures="0" errors="0" timestamp="2016-10-28T11:35:58" hostname="SE-C02PT2KRG8WM" time="2.157">
  <properties/>
  <testcase name="shouldFetchDieMacher" classname="co.yellowbricks.bggclient.BGGFetchTest" time="0.64"/>
  <testcase name="shouldFetchMyCollection" classname="co.yellowbricks.bggclient.BGGFetchTest" time="0.217"/>
  <testcase name="myCollectionShouldContainDominion" classname="co.yellowbricks.bggclient.BGGFetchTest" time="0.211"/>
  <testcase name="shouldFindNoItems" classname="co.yellowbricks.bggclient.BGGFetchTest" time="0.213"/>
  <testcase name="shouldFetchAgricolaXDeckAndDieMacher" classname="co.yellowbricks.bggclient.BGGFetchTest" time="0.241"/>
  <testcase name="collectionShouldContainBGGTermsOfUseUrl" classname="co.yellowbricks.bggclient.BGGFetchTest" time="0.201"/>
  <testcase name="fetchBevatronCollection" classname="co.yellowbricks.bggclient.BGGFetchTest" time="0.205"/>
  <testcase name="shouldFetchAgricolaXDeck" classname="co.yellowbricks.bggclient.BGGFetchTest" time="0.229"/>
  <system-out><![CDATA[]]></system-out>
  <system-err><![CDATA[]]></system-err>
</testsuite>
